<?xml version="1.0" encoding="UTF-8"?>
<!-- Generated by org.testng.reporters.JUnitXMLReporter -->
<testsuite hostname="t" name="Test" tests="3" failures="0" timestamp="29 Nov 2018 03:12:26 GMT" time="120.897" errors="0">
  <testcase name="TC101_verifyLoginFunctionality" time="4.092" classname="com.Tm_TestCases.TestCases_Leave"/>
  <testcase name="TC102_ApplyLeave" time="14.285" classname="com.Tm_TestCases.TestCases_Leave"/>
  <testcase name="TC201_AddWorkExperience" time="73.461" classname="com.Tm_TestCases.TestCases_Myinfo"/>
</testsuite> <!-- Test -->
